<?xml version="1.0" encoding="UTF-8"?>
<testng-results skipped="0" failed="0" total="1" passed="1">
  <reporter-output>
  </reporter-output>
  <suite name="TestCase1" duration-ms="136" started-at="2019-10-19T06:34:50Z" finished-at="2019-10-19T06:34:51Z">
    <groups>
    </groups>
    <test name="Command line test" duration-ms="136" started-at="2019-10-19T06:34:50Z" finished-at="2019-10-19T06:34:51Z">
      <class name="TestCase1">
        <test-method status="PASS" signature="abc()[pri:0, instance:TestCase1@2c6a3f77]" name="abc" duration-ms="36" started-at="2019-10-19T12:04:51Z" finished-at="2019-10-19T12:04:51Z">
          <reporter-output>
          </reporter-output>
        </test-method> <!-- abc -->
      </class> <!-- TestCase1 -->
    </test> <!-- Command line test -->
  </suite> <!-- TestCase1 -->
</testng-results>
